# JRE version: Java(TM) SE Runtime Environment (8.0_60-b27) (build 1.8.0_60-b27)
# Java VM: Java HotSpot(TM) 64-Bit Server VM (25.60-b23 mixed mode windows-amd64 compressed oops)
Heap:
 PSYoungGen      total 120832K, used 3233K [0x00000000e0900000, 0x00000000ef280000, 0x0000000100000000)
  eden space 61440K, 5% used [0x00000000e0900000,0x00000000e0c28510,0x00000000e4500000)
  from space 59392K, 0% used [0x00000000e4500000,0x00000000e4500000,0x00000000e7f00000)
  to   space 83968K, 0% used [0x00000000ea080000,0x00000000ea080000,0x00000000ef280000)
 ParOldGen       total 177664K, used 144271K [0x00000000a1a00000, 0x00000000ac780000, 0x00000000e0900000)
  object space 177664K, 81% used [0x00000000a1a00000,0x00000000aa6e3d78,0x00000000ac780000)
 Metaspace       used 16979K, capacity 17198K, committed 17408K, reserved 1064960K
  class space    used 2190K, capacity 2267K, committed 2304K, reserved 1048576K
GC Heap History (10 events):
Event: 2.000 GC heap before
{Heap before GC invocations=9 (full 3):
 PSYoungGen      total 47104K, used 43582K [0x00000000e0900000, 0x00000000e8180000, 0x0000000100000000)
  eden space 43008K, 92% used [0x00000000e0900000,0x00000000e2fdcab0,0x00000000e3300000)
  from space 4096K, 92% used [0x00000000e3300000,0x00000000e36b3070,0x00000000e3700000)
  to   space 31232K, 0% used [0x00000000e6300000,0x00000000e6300000,0x00000000e8180000)
 ParOldGen       total 177664K, used 56813K [0x00000000a1a00000, 0x00000000ac780000, 0x00000000e0900000)
  object space 177664K, 31% used [0x00000000a1a00000,0x00000000a517b6f0,0x00000000ac780000)
 Metaspace       used 11342K, capacity 11482K, committed 11648K, reserved 1058816K
  class space    used 1513K, capacity 1581K, committed 1664K, reserved 1048576K
Event: 2.017 GC heap after
Heap after GC invocations=9 (full 3):
 PSYoungGen      total 82944K, used 30950K [0x00000000e0900000, 0x00000000e9300000, 0x0000000100000000)
  eden space 51712K, 0% used [0x00000000e0900000,0x00000000e0900000,0x00000000e3b80000)
  from space 31232K, 99% used [0x00000000e6300000,0x00000000e8139898,0x00000000e8180000)
  to   space 40448K, 0% used [0x00000000e3b80000,0x00000000e3b80000,0x00000000e6300000)
 ParOldGen       total 177664K, used 65822K [0x00000000a1a00000, 0x00000000ac780000, 0x00000000e0900000)
  object space 177664K, 37% used [0x00000000a1a00000,0x00000000a5a47ad0,0x00000000ac780000)
 Metaspace       used 11342K, capacity 11482K, committed 11648K, reserved 1058816K
  class space    used 1513K, capacity 1581K, committed 1664K, reserved 1048576K
}
Event: 2.427 GC heap before
{Heap before GC invocations=10 (full 3):
 PSYoungGen      total 82944K, used 82662K [0x00000000e0900000, 0x00000000e9300000, 0x0000000100000000)
  eden space 51712K, 100% used [0x00000000e0900000,0x00000000e3b80000,0x00000000e3b80000)
  from space 31232K, 99% used [0x00000000e6300000,0x00000000e8139898,0x00000000e8180000)
  to   space 40448K, 0% used [0x00000000e3b80000,0x00000000e3b80000,0x00000000e6300000)
 ParOldGen       total 177664K, used 65822K [0x00000000a1a00000, 0x00000000ac780000, 0x00000000e0900000)
  object space 177664K, 37% used [0x00000000a1a00000,0x00000000a5a47ad0,0x00000000ac780000)
 Metaspace       used 11696K, capacity 11878K, committed 12160K, reserved 1060864K
  class space    used 1563K, capacity 1647K, committed 1664K, reserved 1048576K
Event: 2.447 GC heap after
Heap after GC invocations=10 (full 3):
 PSYoungGen      total 92160K, used 38847K [0x00000000e0900000, 0x00000000eaf80000, 0x0000000100000000)
  eden space 51712K, 0% used [0x00000000e0900000,0x00000000e0900000,0x00000000e3b80000)
  from space 40448K, 96% used [0x00000000e3b80000,0x00000000e616fdc0,0x00000000e6300000)
  to   space 49664K, 0% used [0x00000000e7f00000,0x00000000e7f00000,0x00000000eaf80000)
 ParOldGen       total 177664K, used 72905K [0x00000000a1a00000, 0x00000000ac780000, 0x00000000e0900000)
  object space 177664K, 41% used [0x00000000a1a00000,0x00000000a6132460,0x00000000ac780000)
 Metaspace       used 11696K, capacity 11878K, committed 12160K, reserved 1060864K
  class space    used 1563K, capacity 1647K, committed 1664K, reserved 1048576K
}
Event: 9.730 GC heap before
{Heap before GC invocations=11 (full 3):
 PSYoungGen      total 92160K, used 87948K [0x00000000e0900000, 0x00000000eaf80000, 0x0000000100000000)
  eden space 51712K, 94% used [0x00000000e0900000,0x00000000e38f3338,0x00000000e3b80000)
  from space 40448K, 96% used [0x00000000e3b80000,0x00000000e616fdc0,0x00000000e6300000)
  to   space 49664K, 0% used [0x00000000e7f00000,0x00000000e7f00000,0x00000000eaf80000)
 ParOldGen       total 177664K, used 72905K [0x00000000a1a00000, 0x00000000ac780000, 0x00000000e0900000)
  object space 177664K, 41% used [0x00000000a1a00000,0x00000000a6132460,0x00000000ac780000)
 Metaspace       used 15123K, capacity 15344K, committed 15488K, reserved 1062912K
  class space    used 2013K, capacity 2096K, committed 2176K, reserved 1048576K
Event: 9.751 GC heap after
Heap after GC invocations=11 (full 3):
 PSYoungGen      total 111104K, used 47704K [0x00000000e0900000, 0x00000000ebf80000, 0x0000000100000000)
  eden space 61440K, 0% used [0x00000000e0900000,0x00000000e0900000,0x00000000e4500000)
  from space 49664K, 96% used [0x00000000e7f00000,0x00000000ead962d8,0x00000000eaf80000)
  to   space 59392K, 0% used [0x00000000e4500000,0x00000000e4500000,0x00000000e7f00000)
 ParOldGen       total 177664K, used 101395K [0x00000000a1a00000, 0x00000000ac780000, 0x00000000e0900000)
  object space 177664K, 57% used [0x00000000a1a00000,0x00000000a7d04e20,0x00000000ac780000)
 Metaspace       used 15123K, capacity 15344K, committed 15488K, reserved 1062912K
  class space    used 2013K, capacity 2096K, committed 2176K, reserved 1048576K
}
Event: 137.383 GC heap before
{Heap before GC invocations=12 (full 3):
 PSYoungGen      total 111104K, used 109144K [0x00000000e0900000, 0x00000000ebf80000, 0x0000000100000000)
  eden space 61440K, 100% used [0x00000000e0900000,0x00000000e4500000,0x00000000e4500000)
  from space 49664K, 96% used [0x00000000e7f00000,0x00000000ead962d8,0x00000000eaf80000)
  to   space 59392K, 0% used [0x00000000e4500000,0x00000000e4500000,0x00000000e7f00000)
 ParOldGen       total 177664K, used 101395K [0x00000000a1a00000, 0x00000000ac780000, 0x00000000e0900000)
  object space 177664K, 57% used [0x00000000a1a00000,0x00000000a7d04e20,0x00000000ac780000)
 Metaspace       used 16815K, capacity 17070K, committed 17408K, reserved 1064960K
  class space    used 2180K, capacity 2267K, committed 2304K, reserved 1048576K
Event: 137.406 GC heap after
Heap after GC invocations=12 (full 3):
 PSYoungGen      total 120832K, used 59367K [0x00000000e0900000, 0x00000000ef280000, 0x0000000100000000)
  eden space 61440K, 0% used [0x00000000e0900000,0x00000000e0900000,0x00000000e4500000)
  from space 59392K, 99% used [0x00000000e4500000,0x00000000e7ef9fb8,0x00000000e7f00000)
  to   space 83968K, 0% used [0x00000000ea080000,0x00000000ea080000,0x00000000ef280000)
 ParOldGen       total 177664K, used 132707K [0x00000000a1a00000, 0x00000000ac780000, 0x00000000e0900000)
  object space 177664K, 74% used [0x00000000a1a00000,0x00000000a9b98f58,0x00000000ac780000)
 Metaspace       used 16815K, capacity 17070K, committed 17408K, reserved 1064960K
  class space    used 2180K, capacity 2267K, committed 2304K, reserved 1048576K
}
Event: 137.406 GC heap before
{Heap before GC invocations=13 (full 4):
 PSYoungGen      total 120832K, used 59367K [0x00000000e0900000, 0x00000000ef280000, 0x0000000100000000)
  eden space 61440K, 0% used [0x00000000e0900000,0x00000000e0900000,0x00000000e4500000)
  from space 59392K, 99% used [0x00000000e4500000,0x00000000e7ef9fb8,0x00000000e7f00000)
  to   space 83968K, 0% used [0x00000000ea080000,0x00000000ea080000,0x00000000ef280000)
 ParOldGen       total 177664K, used 132707K [0x00000000a1a00000, 0x00000000ac780000, 0x00000000e0900000)
  object space 177664K, 74% used [0x00000000a1a00000,0x00000000a9b98f58,0x00000000ac780000)
 Metaspace       used 16815K, capacity 17070K, committed 17408K, reserved 1064960K
  class space    used 2180K, capacity 2267K, committed 2304K, reserved 1048576K
Event: 137.444 GC heap after
Heap after GC invocations=13 (full 4):
 PSYoungGen      total 120832K, used 0K [0x00000000e0900000, 0x00000000ef280000, 0x0000000100000000)
  eden space 61440K, 0% used [0x00000000e0900000,0x00000000e0900000,0x00000000e4500000)
  from space 59392K, 0% used [0x00000000e4500000,0x00000000e4500000,0x00000000e7f00000)
  to   space 83968K, 0% used [0x00000000ea080000,0x00000000ea080000,0x00000000ef280000)
 ParOldGen       total 177664K, used 144271K [0x00000000a1a00000, 0x00000000ac780000, 0x00000000e0900000)
  object space 177664K, 81% used [0x00000000a1a00000,0x00000000aa6e3d78,0x00000000ac780000)
 Metaspace       used 16815K, capacity 17070K, committed 17408K, reserved 1064960K
  class space    used 2180K, capacity 2267K, committed 2304K, reserved 1048576K
}

